<?xml version="1.0" encoding="UTF-8"?>
<testng-results skipped="0" failed="0" ignored="0" total="1" passed="1">
  <reporter-output>
  </reporter-output>
  <suite name="Default suite" duration-ms="2171" started-at="2022-12-31T01:15:43Z" finished-at="2022-12-31T01:15:46Z">
    <groups>
    </groups>
    <test name="Default test" duration-ms="2171" started-at="2022-12-31T01:15:43Z" finished-at="2022-12-31T01:15:46Z">
      <class name="test.LoginTest">
        <test-method status="PASS" signature="validUserShouldBeAbleToLogin()[pri:0, instance:test.LoginTest@147ed70f]" name="validUserShouldBeAbleToLogin" duration-ms="2155" started-at="2022-12-31T01:15:43Z" finished-at="2022-12-31T01:15:46Z">
          <reporter-output>
          </reporter-output>
        </test-method> <!-- validUserShouldBeAbleToLogin -->
      </class> <!-- test.LoginTest -->
    </test> <!-- Default test -->
  </suite> <!-- Default suite -->
</testng-results>
